<?xml version="1.0" encoding="UTF-8"?>
<!-- Generated by org.testng.reporters.JUnitReportReporter -->
<testsuite hostname="Sabri-PC" name="cucumberOptions.TestRunner" tests="1" failures="0" timestamp="9 Sep 2019 15:33:12 GMT" time="40.896" errors="0">
  <testcase name="feature" time="40.896" classname="cucumberOptions.TestRunner"/>
</testsuite> <!-- cucumberOptions.TestRunner -->
