<?xml version="1.0" encoding="UTF-8"?>
<!-- Generated by org.testng.reporters.JUnitReportReporter -->
<testsuite hostname="LAPTOP-R8G6F4I5" name="PGB.EASYJET.TC.FlightSearch" tests="1" failures="0" timestamp="22 Jun 2019 04:14:13 GMT" time="67.756" errors="0">
  <testcase name="test" time="67.756" classname="PGB.EASYJET.TC.FlightSearch"/>
</testsuite> <!-- PGB.EASYJET.TC.FlightSearch -->
